This file contains any messages produced by compilers while
running configure, to aid debugging if configure makes a mistake.

It was created by configure, which was
generated by GNU Autoconf 2.71.  Invocation command line was

  $ ./configure prefix=/usr --with-cache=262145 --with-hardware-math --with-int-32 --with-float-digits=6 --with-block=2048 --with-slice=0 --with-alarm=0

## --------- ##
## Platform. ##
## --------- ##

hostname = 8core
uname -m = x86_64
uname -r = 5.15.0-112-generic
uname -s = Linux
uname -v = #122-Ubuntu SMP Thu May 23 07:48:21 UTC 2024

/usr/bin/uname -p = x86_64
/bin/uname -X     = unknown

/bin/arch              = x86_64
/usr/bin/arch -k       = unknown
/usr/convex/getsysinfo = unknown
/usr/bin/hostinfo      = unknown
/bin/machine           = unknown
/usr/bin/oslevel       = unknown
/bin/universe          = unknown

PATH: /usr/local/sbin/
PATH: /usr/local/bin/
PATH: /usr/sbin/
PATH: /usr/bin/
PATH: /sbin/
PATH: /bin/
PATH: /usr/games/
PATH: /usr/local/games/
PATH: /snap/bin/
PATH: ./


## ----------- ##
## Core tests. ##
## ----------- ##

configure:2746: checking for gcc
configure:2767: found /usr/bin/gcc
configure:2778: result: gcc
configure:3131: checking for C compiler version
configure:3140: gcc --version >&5
gcc (Ubuntu 11.4.0-1ubuntu1~22.04) 11.4.0
Copyright (C) 2021 Free Software Foundation, Inc.
This is free software; see the source for copying conditions.  There is NO
warranty; not even for MERCHANTABILITY or FITNESS FOR A PARTICULAR PURPOSE.

configure:3151: $? = 0
configure:3140: gcc -v >&5
Using built-in specs.
COLLECT_GCC=gcc
COLLECT_LTO_WRAPPER=/usr/lib/gcc/x86_64-linux-gnu/11/lto-wrapper
OFFLOAD_TARGET_NAMES=nvptx-none:amdgcn-amdhsa
OFFLOAD_TARGET_DEFAULT=1
Target: x86_64-linux-gnu
Configured with: ../src/configure -v --with-pkgversion='Ubuntu 11.4.0-1ubuntu1~22.04' --with-bugurl=file:///usr/share/doc/gcc-11/README.Bugs --enable-languages=c,ada,c++,go,brig,d,fortran,objc,obj-c++,m2 --prefix=/usr --with-gcc-major-version-only --program-suffix=-11 --program-prefix=x86_64-linux-gnu- --enable-shared --enable-linker-build-id --libexecdir=/usr/lib --without-included-gettext --enable-threads=posix --libdir=/usr/lib --enable-nls --enable-bootstrap --enable-clocale=gnu --enable-libstdcxx-debug --enable-libstdcxx-time=yes --with-default-libstdcxx-abi=new --enable-gnu-unique-object --disable-vtable-verify --enable-plugin --enable-default-pie --with-system-zlib --enable-libphobos-checking=release --with-target-system-zlib=auto --enable-objc-gc=auto --enable-multiarch --disable-werror --enable-cet --with-arch-32=i686 --with-abi=m64 --with-multilib-list=m32,m64,mx32 --enable-multilib --with-tune=generic --enable-offload-targets=nvptx-none=/build/gcc-11-XeT9lY/gcc-11-11.4.0/debian/tmp-nvptx/usr,amdgcn-amdhsa=/build/gcc-11-XeT9lY/gcc-11-11.4.0/debian/tmp-gcn/usr --without-cuda-driver --enable-checking=release --build=x86_64-linux-gnu --host=x86_64-linux-gnu --target=x86_64-linux-gnu --with-build-config=bootstrap-lto-lean --enable-link-serialization=2
Thread model: posix
Supported LTO compression algorithms: zlib zstd
gcc version 11.4.0 (Ubuntu 11.4.0-1ubuntu1~22.04) 
... rest of stderr output deleted ...
configure:3151: $? = 0
configure:3140: gcc -V >&5
gcc: error: unrecognized command-line option '-V'
gcc: fatal error: no input files
compilation terminated.
configure:3151: $? = 1
configure:3140: gcc -qversion >&5
gcc: error: unrecognized command-line option '-qversion'; did you mean '--version'?
gcc: fatal error: no input files
compilation terminated.
configure:3151: $? = 1
configure:3140: gcc -version >&5
gcc: error: unrecognized command-line option '-version'
gcc: fatal error: no input files
compilation terminated.
configure:3151: $? = 1
configure:3171: checking whether the C compiler works
configure:3193: gcc    conftest.c  >&5
configure:3197: $? = 0
configure:3247: result: yes
configure:3250: checking for C compiler default output file name
configure:3252: result: a.out
configure:3258: checking for suffix of executables
configure:3265: gcc -o conftest    conftest.c  >&5
configure:3269: $? = 0
configure:3292: result: 
configure:3314: checking whether we are cross compiling
configure:3322: gcc -o conftest    conftest.c  >&5
configure:3326: $? = 0
configure:3333: ./conftest
configure:3337: $? = 0
configure:3352: result: no
configure:3357: checking for suffix of object files
configure:3380: gcc -c   conftest.c >&5
configure:3384: $? = 0
configure:3406: result: o
configure:3410: checking whether the compiler supports GNU C
configure:3430: gcc -c   conftest.c >&5
configure:3430: $? = 0
configure:3440: result: yes
configure:3451: checking whether gcc accepts -g
configure:3472: gcc -c -g  conftest.c >&5
configure:3472: $? = 0
configure:3516: result: yes
configure:3536: checking for gcc option to enable C11 features
configure:3551: gcc  -c -g -O2  conftest.c >&5
configure:3551: $? = 0
configure:3569: result: none needed
configure:3684: checking for stdio.h
configure:3684: gcc -c -g -O2  conftest.c >&5
configure:3684: $? = 0
configure:3684: result: yes
configure:3684: checking for stdlib.h
configure:3684: gcc -c -g -O2  conftest.c >&5
configure:3684: $? = 0
configure:3684: result: yes
configure:3684: checking for string.h
configure:3684: gcc -c -g -O2  conftest.c >&5
configure:3684: $? = 0
configure:3684: result: yes
configure:3684: checking for inttypes.h
configure:3684: gcc -c -g -O2  conftest.c >&5
configure:3684: $? = 0
configure:3684: result: yes
configure:3684: checking for stdint.h
configure:3684: gcc -c -g -O2  conftest.c >&5
configure:3684: $? = 0
configure:3684: result: yes
configure:3684: checking for strings.h
configure:3684: gcc -c -g -O2  conftest.c >&5
configure:3684: $? = 0
configure:3684: result: yes
configure:3684: checking for sys/stat.h
configure:3684: gcc -c -g -O2  conftest.c >&5
configure:3684: $? = 0
configure:3684: result: yes
configure:3684: checking for sys/types.h
configure:3684: gcc -c -g -O2  conftest.c >&5
configure:3684: $? = 0
configure:3684: result: yes
configure:3684: checking for unistd.h
configure:3684: gcc -c -g -O2  conftest.c >&5
configure:3684: $? = 0
configure:3684: result: yes
configure:3713: checking size of long
configure:3719: gcc -o conftest -g -O2   conftest.c  >&5
configure:3719: $? = 0
configure:3719: ./conftest
configure:3719: $? = 0
configure:3734: result: 8
configure:3873: checking for C compiler version
configure:3882: gcc --version >&5
gcc (Ubuntu 11.4.0-1ubuntu1~22.04) 11.4.0
Copyright (C) 2021 Free Software Foundation, Inc.
This is free software; see the source for copying conditions.  There is NO
warranty; not even for MERCHANTABILITY or FITNESS FOR A PARTICULAR PURPOSE.

configure:3893: $? = 0
configure:3882: gcc -v >&5
Using built-in specs.
COLLECT_GCC=gcc
COLLECT_LTO_WRAPPER=/usr/lib/gcc/x86_64-linux-gnu/11/lto-wrapper
OFFLOAD_TARGET_NAMES=nvptx-none:amdgcn-amdhsa
OFFLOAD_TARGET_DEFAULT=1
Target: x86_64-linux-gnu
Configured with: ../src/configure -v --with-pkgversion='Ubuntu 11.4.0-1ubuntu1~22.04' --with-bugurl=file:///usr/share/doc/gcc-11/README.Bugs --enable-languages=c,ada,c++,go,brig,d,fortran,objc,obj-c++,m2 --prefix=/usr --with-gcc-major-version-only --program-suffix=-11 --program-prefix=x86_64-linux-gnu- --enable-shared --enable-linker-build-id --libexecdir=/usr/lib --without-included-gettext --enable-threads=posix --libdir=/usr/lib --enable-nls --enable-bootstrap --enable-clocale=gnu --enable-libstdcxx-debug --enable-libstdcxx-time=yes --with-default-libstdcxx-abi=new --enable-gnu-unique-object --disable-vtable-verify --enable-plugin --enable-default-pie --with-system-zlib --enable-libphobos-checking=release --with-target-system-zlib=auto --enable-objc-gc=auto --enable-multiarch --disable-werror --enable-cet --with-arch-32=i686 --with-abi=m64 --with-multilib-list=m32,m64,mx32 --enable-multilib --with-tune=generic --enable-offload-targets=nvptx-none=/build/gcc-11-XeT9lY/gcc-11-11.4.0/debian/tmp-nvptx/usr,amdgcn-amdhsa=/build/gcc-11-XeT9lY/gcc-11-11.4.0/debian/tmp-gcn/usr --without-cuda-driver --enable-checking=release --build=x86_64-linux-gnu --host=x86_64-linux-gnu --target=x86_64-linux-gnu --with-build-config=bootstrap-lto-lean --enable-link-serialization=2
Thread model: posix
Supported LTO compression algorithms: zlib zstd
gcc version 11.4.0 (Ubuntu 11.4.0-1ubuntu1~22.04) 
... rest of stderr output deleted ...
configure:3893: $? = 0
configure:3882: gcc -V >&5
gcc: error: unrecognized command-line option '-V'
gcc: fatal error: no input files
compilation terminated.
configure:3893: $? = 1
configure:3882: gcc -qversion >&5
gcc: error: unrecognized command-line option '-qversion'; did you mean '--version'?
gcc: fatal error: no input files
compilation terminated.
configure:3893: $? = 1
configure:3882: gcc -version >&5
gcc: error: unrecognized command-line option '-version'
gcc: fatal error: no input files
compilation terminated.
configure:3893: $? = 1
configure:3897: checking whether the compiler supports GNU C
configure:3927: result: yes
configure:3938: checking whether gcc accepts -g
configure:4003: result: yes
configure:4023: checking for gcc option to enable C11 features
configure:4056: result: none needed
configure:4535: checking for gcvt
configure:4535: gcc -o conftest -g -O2   conftest.c  >&5
configure:4535: $? = 0
configure:4535: result: yes
configure:4546: checking for sys/cygwin.h
configure:4546: gcc -c -g -O2  conftest.c >&5
conftest.c:49:10: fatal error: sys/cygwin.h: No such file or directory
   49 | #include <sys/cygwin.h>
      |          ^~~~~~~~~~~~~~
compilation terminated.
configure:4546: $? = 1
configure: failed program was:
| /* confdefs.h */
| #define PACKAGE_NAME ""
| #define PACKAGE_TARNAME ""
| #define PACKAGE_VERSION ""
| #define PACKAGE_STRING ""
| #define PACKAGE_BUGREPORT ""
| #define PACKAGE_URL ""
| #define HAVE_STDIO_H 1
| #define HAVE_STDLIB_H 1
| #define HAVE_STRING_H 1
| #define HAVE_INTTYPES_H 1
| #define HAVE_STDINT_H 1
| #define HAVE_STRINGS_H 1
| #define HAVE_SYS_STAT_H 1
| #define HAVE_SYS_TYPES_H 1
| #define HAVE_UNISTD_H 1
| #define STDC_HEADERS 1
| #define SIZEOF_LONG 8
| #define HAVE_GCVT YES
| /* end confdefs.h.  */
| #include <stddef.h>
| #ifdef HAVE_STDIO_H
| # include <stdio.h>
| #endif
| #ifdef HAVE_STDLIB_H
| # include <stdlib.h>
| #endif
| #ifdef HAVE_STRING_H
| # include <string.h>
| #endif
| #ifdef HAVE_INTTYPES_H
| # include <inttypes.h>
| #endif
| #ifdef HAVE_STDINT_H
| # include <stdint.h>
| #endif
| #ifdef HAVE_STRINGS_H
| # include <strings.h>
| #endif
| #ifdef HAVE_SYS_TYPES_H
| # include <sys/types.h>
| #endif
| #ifdef HAVE_SYS_STAT_H
| # include <sys/stat.h>
| #endif
| #ifdef HAVE_UNISTD_H
| # include <unistd.h>
| #endif
| #include <sys/cygwin.h>
configure:4546: result: no
configure:4581: checking for readline/readline.h
configure:4581: gcc -c -g -O2  conftest.c >&5
configure:4581: $? = 0
configure:4581: result: yes
configure:4591: checking for unistd.h
configure:4591: result: yes
configure:4603: checking for pcre.h
configure:4603: gcc -c -g -O2  conftest.c >&5
conftest.c:20: warning: "HAVE_UNISTD_H" redefined
   20 | #define HAVE_UNISTD_H YES
      | 
conftest.c:16: note: this is the location of the previous definition
   16 | #define HAVE_UNISTD_H 1
      | 
configure:4603: $? = 0
configure:4603: result: yes
configure:4612: checking for pcre_exec in -lpcre
configure:4635: gcc -o conftest -g -O2   conftest.c -lpcre   >&5
conftest.c:20: warning: "HAVE_UNISTD_H" redefined
   20 | #define HAVE_UNISTD_H YES
      | 
conftest.c:16: note: this is the location of the previous definition
   16 | #define HAVE_UNISTD_H 1
      | 
configure:4635: $? = 0
configure:4645: result: yes
configure:4658: checking for ftello in -lc
configure:4681: gcc -o conftest -g -O2   conftest.c -lc   >&5
conftest.c:20: warning: "HAVE_UNISTD_H" redefined
   20 | #define HAVE_UNISTD_H YES
      | 
conftest.c:16: note: this is the location of the previous definition
   16 | #define HAVE_UNISTD_H 1
      | 
configure:4681: $? = 0
configure:4691: result: yes
configure:4704: checking for fseeko in -lc
configure:4727: gcc -o conftest -g -O2   conftest.c -lc   >&5
conftest.c:20: warning: "HAVE_UNISTD_H" redefined
   20 | #define HAVE_UNISTD_H YES
      | 
conftest.c:16: note: this is the location of the previous definition
   16 | #define HAVE_UNISTD_H 1
      | 
configure:4727: $? = 0
configure:4737: result: yes
configure:4750: checking for log2 in -lm
configure:4773: gcc -o conftest -g -O2   conftest.c -lm   >&5
conftest.c:20: warning: "HAVE_UNISTD_H" redefined
   20 | #define HAVE_UNISTD_H YES
      | 
conftest.c:16: note: this is the location of the previous definition
   16 | #define HAVE_UNISTD_H 1
      | 
conftest.c:31:6: warning: conflicting types for built-in function 'log2'; expected 'double(double)' [-Wbuiltin-declaration-mismatch]
   31 | char log2 ();
      |      ^~~~
conftest.c:1:1: note: 'log2' is declared in header '<math.h>'
    1 | /* confdefs.h */
configure:4773: $? = 0
configure:4783: result: yes
configure:4825: result: prefix defined as: /usr
configure:5182: creating ./config.status

## ---------------------- ##
## Running config.status. ##
## ---------------------- ##

This file was extended by config.status, which was
generated by GNU Autoconf 2.71.  Invocation command line was

  CONFIG_FILES    = 
  CONFIG_HEADERS  = 
  CONFIG_LINKS    = 
  CONFIG_COMMANDS = 
  $ ./config.status 

on 8core

config.status:893: creating mumps.c
config.status:893: creating sys1.c
config.status:893: creating sym.cpp
config.status:893: creating arith.cpp
config.status:893: creating globalb.cpp
config.status:893: creating libmpscpp.cpp
config.status:893: creating sysfunc.cpp
config.status:893: creating Makefile
config.status:893: creating mumpsc
config.status:893: creating mumpslib
config.status:893: creating interp.cpp
config.status:893: creating btree.cpp
config.status:893: creating bifs.cpp
config.status:893: creating mumps.cpp
config.status:893: creating CreateSqliteDB.script
config.status:893: creating include/mumpsc/numSetup.h
config.status:893: creating include/mumpsc/btree.h
config.status:893: creating include/mumpsc/sysparms.h
config.status:893: creating include/mumpsc/strmax.h
config.status:893: creating include/mumpsc/memsize.h
config.status:893: creating include/mumpsc/arith.h
config.status:893: creating include/mumpsc/libmpscpp.h
config.status:893: creating include/mumpsc/stateVector.h
config.status:893: creating include/mumpsc/globalOrder.h
config.status:893: creating include/mumpsc/keyfix.h
config.status:893: creating include/mumpsc/defines.h
config.status:893: creating include/mumpsc/inline.h
config.status:893: creating epi.c
config.status:893: creating fcninit.c
config.status:893: creating include/mumpsc/config.h
config.status:1063: include/mumpsc/config.h is unchanged

## ---------------- ##
## Cache variables. ##
## ---------------- ##

ac_cv_c_compiler_gnu=yes
ac_cv_env_CC_set=
ac_cv_env_CC_value=
ac_cv_env_CFLAGS_set=
ac_cv_env_CFLAGS_value=
ac_cv_env_CPPFLAGS_set=
ac_cv_env_CPPFLAGS_value=
ac_cv_env_LDFLAGS_set=
ac_cv_env_LDFLAGS_value=
ac_cv_env_LIBS_set=
ac_cv_env_LIBS_value=
ac_cv_env_build_alias_set=
ac_cv_env_build_alias_value=
ac_cv_env_host_alias_set=
ac_cv_env_host_alias_value=
ac_cv_env_target_alias_set=
ac_cv_env_target_alias_value=
ac_cv_func_gcvt=yes
ac_cv_header_inttypes_h=yes
ac_cv_header_pcre_h=yes
ac_cv_header_readline_readline_h=yes
ac_cv_header_stdint_h=yes
ac_cv_header_stdio_h=yes
ac_cv_header_stdlib_h=yes
ac_cv_header_string_h=yes
ac_cv_header_strings_h=yes
ac_cv_header_sys_cygwin_h=no
ac_cv_header_sys_stat_h=yes
ac_cv_header_sys_types_h=yes
ac_cv_header_unistd_h=yes
ac_cv_lib_c_fseeko=yes
ac_cv_lib_c_ftello=yes
ac_cv_lib_m_log2=yes
ac_cv_lib_pcre_pcre_exec=yes
ac_cv_objext=o
ac_cv_prog_ac_ct_CC=gcc
ac_cv_prog_cc_c11=
ac_cv_prog_cc_g=yes
ac_cv_prog_cc_stdc=
ac_cv_sizeof_long=8

## ----------------- ##
## Output variables. ##
## ----------------- ##

CC='gcc'
CFLAGS='-g -O2'
CPPFLAGS=''
DEFS='-DHAVE_CONFIG_H'
ECHO_C=''
ECHO_N='-n'
ECHO_T=''
EXEEXT=''
LDFLAGS=''
LIB='lib'
LIBOBJS=''
LIBS=''
LONG='int'
LTLIBOBJS=''
OBJEXT='o'
PACKAGE_BUGREPORT=''
PACKAGE_NAME=''
PACKAGE_STRING=''
PACKAGE_TARNAME=''
PACKAGE_URL=''
PACKAGE_VERSION=''
PATH_SEPARATOR=':'
SHELL='/bin/bash'
ac_ct_CC='gcc'
adsize='8'
alarm='0'
allow_pgsql='0'
bin_install='-s'
bindir='${exec_prefix}/bin'
block='2048'
build_alias=''
cache='262145'
client1=''
client=''
cygext=''
cygwin=''
cygwinrename=''
data_size='128'
datadir='${datarootdir}'
datarootdir='${prefix}/share'
dbfile='mumps.sqlite'
dbname='mumps'
dbtype='#define NATIVE'
docdir='${datarootdir}/doc/${PACKAGE}'
dosprefix='c:\mumpsc'
dvidir='${docdir}'
exec_prefix='${prefix}'
file64='-D_FILE_OFFSET_BITS=64 -D_LARGEFILE_SOURCE'
floatSize=''
fp_bits='72'
fp_digits='6'
fseeko='fseeko'
ftello='ftello'
gbllib='mpsglobal_native'
glib_include=''
glib_libs=''
hardwareMath='yes'
host='localhost'
host_alias=''
htmldir='${docdir}'
ibuf='32000'
includedir='${prefix}/include'
index_size='64'
indexsize=''
infodir='${datarootdir}/info'
intFmt='d'
intLong='#define intLong'
intSize='int'
interpmod='mumps.cpp'
iomod=''
libdir='${exec_prefix}/lib'
libexecdir='${exec_prefix}/libexec'
locale='en_US.UTF-8'
localedir='${datarootdir}/locale'
localstatedir='${prefix}/var'
log2='log2'
mandir='${datarootdir}/man'
mathLink=''
maxglobal='256'
mode='-m 755'
oldincludedir='/usr/include'
optdb='-falign-functions  -falign-jumps -falign-labels  -falign-loops -fauto-inc-dec -fbranch-count-reg -fcaller-saves -fcode-hoisting -fcombine-stack-adjustments -fcompare-elim -fcprop-registers -fcrossjumping -fcse-follow-jumps  -fcse-skip-blocks -fdce -fdefer-pop -fdelete-null-pointer-checks -fdevirtualize  -fdevirtualize-speculatively  -fdse -fforward-propagate -ffinite-loops -fgcse -fgcse-lm -fhoist-adjacent-loads -fif-conversion -fif-conversion2 -finline-functions -finline-functions-called-once -finline-small-functions -fipa-modref -fipa-profile -fipa-pure-const -fipa-reference -fipa-reference-addressable -fmerge-constants -fmove-loop-invariants -fomit-frame-pointer -freorder-blocks -fshrink-wrap -fshrink-wrap-separate -fsplit-wide-types -fssa-backprop -fssa-phiopt -ftree-bit-ccp -ftree-ccp -ftree-ch -ftree-coalesce-vars -ftree-copy-prop -ftree-dce -ftree-dominator-opts -ftree-dse -ftree-forwprop -ftree-fre -ftree-phiprop -ftree-pta -ftree-scev-cprop -ftree-sink -ftree-slsr -ftree-sra -ftree-ter -funit-at-a-time '
optmain=' -Ofast '
passwd=''
pcre_install=''
pdfdir='${docdir}'
pginclude=''
port='0'
prefix='/usr'
profile=''
program_transform_name='s,x,x,'
psdir='${docdir}'
readonly=''
runstatedir='${localstatedir}/run'
sbindir='${exec_prefix}/sbin'
shared=''
sharedstatedir='${prefix}/com'
slice='0'
socket=''
sqlite_cflags=''
sqlite_cppflags=''
str_max='32000'
sysconfdir='${prefix}/etc'
tablename='mumps'
tabsize='10'
target_alias=''
terminate_on_error=''
use_sql=''
user='mumps'

## ----------- ##
## confdefs.h. ##
## ----------- ##

/* confdefs.h */
#define PACKAGE_NAME ""
#define PACKAGE_TARNAME ""
#define PACKAGE_VERSION ""
#define PACKAGE_STRING ""
#define PACKAGE_BUGREPORT ""
#define PACKAGE_URL ""
#define HAVE_STDIO_H 1
#define HAVE_STDLIB_H 1
#define HAVE_STRING_H 1
#define HAVE_INTTYPES_H 1
#define HAVE_STDINT_H 1
#define HAVE_STRINGS_H 1
#define HAVE_SYS_STAT_H 1
#define HAVE_SYS_TYPES_H 1
#define HAVE_UNISTD_H 1
#define STDC_HEADERS 1
#define SIZEOF_LONG 8
#define HAVE_GCVT YES
#define HAVE_UNISTD_H YES
#define HAVE_UNISTD_H YES
#define HAVE_PCRE_H YES
#define HAVE_PCRE 1
#define HAVE_ftello 1
#define HAVE_fseeko 1
#define HAVE_log2 1
#define HAVE_HARDWARE_MATH 1

configure: exit 0
